            --------------------------------------------------------
                             AMBER SQM VERSION 19
 
                                     By
              Ross C. Walker, Michael F. Crowley, Scott Brozell,
                         Tim Giese, Andreas W. Goetz,
                        Tai-Sung Lee and David A. Case
 
            --------------------------------------------------------
 

--------------------------------------------------------------------------------
  QM CALCULATION INFO
--------------------------------------------------------------------------------

| QMMM: Citation for AMBER QMMM Run:
| QMMM: R.C. Walker, M.F. Crowley and D.A. Case, J. COMP. CHEM. 29:1019, 2008

QMMM: SINGLET STATE CALCULATION
QMMM: RHF CALCULATION, NO. OF DOUBLY OCCUPIED LEVELS =133

| QMMM: *** Selected Hamiltonian *** 
| QMMM: AM1         

| QMMM: *** Parameter sets in use ***
| QMMM: C : M.J.S.DEWAR et al. JACS, 107, 3902, (1985)
| QMMM: O : M.J.S.DEWAR et al. JACS, 107, 3902, (1985)
| QMMM: N : M.J.S.DEWAR et al. JACS, 107, 3902, (1985)
| QMMM: H : M.J.S.DEWAR et al. JACS, 107, 3902, (1985)

| QMMM: *** SCF convergence criteria ***
| QMMM: Energy change                :  0.1D-09 kcal/mol
| QMMM: Error matrix |FP-PF|         :  0.1D+00 au
| QMMM: Density matrix change        :  0.5D-06
| QMMM: Maximum number of SCF cycles :     1000

| QMMM: *** Diagonalization Routine Information ***
| QMMM: Pseudo diagonalizations are allowed.
| QMMM: Auto diagonalization routine selection is in use.
| QMMM:
| QMMM: Timing diagonalization routines:
| QMMM:                              norbs =      244
| QMMM:    diag iterations used for timing =        4
| QMMM:
| QMMM:              Internal diag routine = 0.178150 seconds
| QMMM:                 Dspev diag routine = 0.226507 seconds
| QMMM:                Dspevd diag routine = 0.159301 seconds
| QMMM:                Dspevx diag routine = 0.418624 seconds
| QMMM:                 Dsyev diag routine = 0.246118 seconds
| QMMM:                Dsyevd diag routine = 0.173634 seconds
| QMMM:                Dsyevr diag routine = 0.155655 seconds
| QMMM:
| QMMM:                Pseudo diag routine = 0.091674 seconds
| QMMM:
| QMMM: Using dsyevr routine (diag_routine=7).

  QMMM: QM Region Cartesian Coordinates (*=link atom) 
  QMMM: QM_NO.   MM_NO.  ATOM         X         Y         Z
  QMMM:     1        1      C      -10.4250    3.4200   72.4470
  QMMM:     2        2      C       -9.9240    2.8570   73.6420
  QMMM:     3        3      C       -9.3450    1.4580   73.8060
  QMMM:     4        4      O      -10.0480    3.7550   74.5750
  QMMM:     5        5      N      -10.5850    4.8610   74.1140
  QMMM:     6        6      C      -10.8480    4.7380   72.8100
  QMMM:     7        7      C      -11.4750    5.7980   71.8910
  QMMM:     8        8      O      -11.0620    5.9430   70.7930
  QMMM:     9        9      H      -10.0170    0.8000   73.5680
  QMMM:    10       10      H       -8.5740    1.3570   73.2260
  QMMM:    11       11      H       -9.0750    1.3250   74.7280
  QMMM:    12       12      H      -10.4720    3.0040   71.5720
  QMMM:    13       13      N      -12.5830    6.6250   72.3740
  QMMM:    14       14      C      -13.1660    7.6250   71.4950
  QMMM:    15       15      C      -12.1150    8.7500   71.2410
  QMMM:    16       16      O      -11.4660    9.1590   72.1250
  QMMM:    17       17      C      -14.3970    8.2180   72.1320
  QMMM:    18       18      H      -13.1770    5.9790   72.5240
  QMMM:    19       19      H      -13.4170    7.2110   70.6550
  QMMM:    20       20      H      -14.7790    8.8840   71.5390
  QMMM:    21       21      H      -15.0480    7.5170   72.2930
  QMMM:    22       22      H      -14.1570    8.6350   72.9740
  QMMM:    23       23      N      -11.9430    9.2810   69.9110
  QMMM:    24       24      C      -10.9550   10.3360   69.6660
  QMMM:    25       25      C      -11.6630   11.6060   69.2730
  QMMM:    26       26      O      -12.3810   11.6170   68.3280
  QMMM:    27       27      C      -10.0040    9.8950   68.5150
  QMMM:    28       28      C       -9.1300   11.0860   68.0120
  QMMM:    29       29      C       -9.1160    8.6870   68.9550
  QMMM:    30       30      H      -12.3850    9.0250   69.2190
  QMMM:    31       31      H      -10.4390   10.4910   70.4730
  QMMM:    32       32      H      -10.5550    9.6040   67.7710
  QMMM:    33       33      H       -8.5490   10.7820   67.2970
  QMMM:    34       34      H       -9.7060   11.7930   67.6820
  QMMM:    35       35      H       -8.5910   11.4240   68.7440
  QMMM:    36       36      H       -8.5330    8.4300   68.2230
  QMMM:    37       37      H       -8.5790    8.9420   69.7220
  QMMM:    38       38      H       -9.6840    7.9380   69.1940
  QMMM:    39       39      N      -11.4800   12.6780   70.0440
  QMMM:    40       40      C      -12.1700   13.9630   69.7460
  QMMM:    41       41      C      -11.8040   14.4540   68.3410
  QMMM:    42       42      O      -10.6060   14.4420   68.0360
  QMMM:    43       43      C      -11.7950   14.9950   70.8110
  QMMM:    44       44      C      -12.5660   14.8760   72.1220
  QMMM:    45       45      C      -12.4700   16.1620   72.9250
  QMMM:    46       46      C      -14.0170   14.5140   71.8610
  QMMM:    47       47      H      -10.9710   12.6950   70.7370
  QMMM:    48       48      H      -13.1310   13.8290   69.7670
  QMMM:    49       49      H      -10.8470   14.9150   71.0000
  QMMM:    50       50      H      -11.9380   15.8830   70.4470
  QMMM:    51       51      H      -12.1640   14.1640   72.6440
  QMMM:    52       52      H      -12.9660   16.0650   73.7530
  QMMM:    53       53      H      -11.5400   16.3490   73.1260
  QMMM:    54       54      H      -12.8430   16.8940   72.4090
  QMMM:    55       55      H      -14.4900   14.4430   72.7050
  QMMM:    56       56      H      -14.4300   15.2030   71.3170
  QMMM:    57       57      H      -14.0600   13.6650   71.3940
  QMMM:    58       58      C      -11.8320   15.4910   65.8780
  QMMM:    59       59      C      -12.4220   16.8900   65.6990
  QMMM:    60       60      C      -11.6670   17.9480   65.9020
  QMMM:    61       61      C      -10.2080   17.8200   66.3470
  QMMM:    62       62      C      -12.4370   14.5940   64.8060
  QMMM:    63       63      C      -11.8350   13.1990   64.8380
  QMMM:    64       64      C      -10.3680   13.2410   64.5720
  QMMM:    65       65      C      -10.1100   11.8920   63.8850
  QMMM:    66       66      N      -11.3860   11.5310   63.2320
  QMMM:    67       67      C      -12.4280   12.3060   63.7870
  QMMM:    68       68      O      -13.5590   12.2600   63.4950
  QMMM:    69       69      N      -12.2820   14.9940   67.1230
  QMMM:    70       70      O       -9.9430   17.7850   67.5720
  QMMM:    71       71      H      -12.0250   12.8530   65.7240
  QMMM:    72       72      H      -13.3970   14.5360   64.9350
  QMMM:    73       73      H      -12.2920   14.9900   63.9320
  QMMM:    74       74      H      -12.0440   18.8310   65.7660
  QMMM:    75       75      H      -13.3500   16.9970   65.4370
  QMMM:    76       76      H      -11.4790   10.9420   62.6120
  QMMM:    77       77      H       -9.3930   11.9620   63.2360
  QMMM:    78       78      H       -9.8440   11.2170   64.5290
  QMMM:    79       79      H      -10.1270   13.9880   64.0020
  QMMM:    80       80      H       -9.8560   13.3320   65.3910
  QMMM:    81       81      H      -10.8640   15.5130   65.8260
  QMMM:    82       82      H      -13.2820   14.9940   67.1230
  QMMM:    83       83      C       -7.9010   17.6490   66.6960
  QMMM:    84       84      O       -8.9110   17.8490   65.7030
  QMMM:    85       85      C       -5.8100   18.9970   67.2590
  QMMM:    86       86      C       -5.1380   20.2050   67.4390
  QMMM:    87       87      C       -5.8150   21.4140   67.2570
  QMMM:    88       88      C       -7.1560   21.4060   66.8980
  QMMM:    89       89      C       -7.8310   20.2010   66.7150
  QMMM:    90       90      C       -7.1530   18.9940   66.8960
  QMMM:    91       91      H       -8.2990   17.3550   67.5300
  QMMM:    92       92      H       -8.7680   20.2010   66.4630
  QMMM:    93       93      H       -7.6260   22.2450   66.7740
  QMMM:    94       94      H       -5.3490   22.2560   67.3810
  QMMM:    95       95      H       -4.2010   20.2060   67.6900
  QMMM:    96       96      H       -5.3410   18.1580   67.3870
  QMMM:    97       97      H       -7.2830   16.9550   66.4170

--------------------------------------------------------------------------------
  RESULTS
--------------------------------------------------------------------------------

      iter         sqm energy              rms gradient
      ----    -------------------    -----------------------
xmin    10     -219.8623 kcal/mol        2.6626 kcal/(mol*A)
xmin    20     -223.0330 kcal/mol        0.1821 kcal/(mol*A)
xmin    30     -223.5195 kcal/mol        0.2048 kcal/(mol*A)
xmin    40     -223.6912 kcal/mol        0.1411 kcal/(mol*A)
xmin    50     -224.2370 kcal/mol        0.2919 kcal/(mol*A)
xmin    60     -224.4640 kcal/mol        0.0507 kcal/(mol*A)
xmin    70     -224.5356 kcal/mol        0.0808 kcal/(mol*A)
xmin    80     -224.5956 kcal/mol        0.0950 kcal/(mol*A)
xmin    90     -224.6737 kcal/mol        0.1753 kcal/(mol*A)
xmin   100     -224.7471 kcal/mol        0.0522 kcal/(mol*A)
xmin   110     -224.7948 kcal/mol        0.0543 kcal/(mol*A)
xmin   120     -224.8109 kcal/mol        0.1122 kcal/(mol*A)
xmin   130     -224.8263 kcal/mol        0.0421 kcal/(mol*A)
xmin   140     -224.8400 kcal/mol        0.0347 kcal/(mol*A)
xmin   150     -224.8496 kcal/mol        0.0231 kcal/(mol*A)
xmin   160     -224.8810 kcal/mol        0.0671 kcal/(mol*A)
xmin   170     -224.8945 kcal/mol        0.0265 kcal/(mol*A)
xmin   180     -224.9040 kcal/mol        0.0181 kcal/(mol*A)
xmin   190     -224.9069 kcal/mol        0.0175 kcal/(mol*A)
xmin   200     -224.9106 kcal/mol        0.0242 kcal/(mol*A)
xmin   210     -224.9111 kcal/mol        0.0078 kcal/(mol*A)
xmin   220     -224.9130 kcal/mol        0.0363 kcal/(mol*A)
xmin   230     -224.9146 kcal/mol        0.0311 kcal/(mol*A)
xmin   240     -224.9154 kcal/mol        0.0077 kcal/(mol*A)
xmin   250     -224.9168 kcal/mol        0.0029 kcal/(mol*A)
xmin   260     -224.9169 kcal/mol        0.0042 kcal/(mol*A)
xmin   270     -224.9183 kcal/mol        0.0339 kcal/(mol*A)
xmin   280     -224.9203 kcal/mol        0.0114 kcal/(mol*A)
xmin   290     -224.9210 kcal/mol        0.0066 kcal/(mol*A)
xmin   300     -224.9217 kcal/mol        0.0065 kcal/(mol*A)
xmin   310     -224.9221 kcal/mol        0.0040 kcal/(mol*A)
xmin   320     -224.9229 kcal/mol        0.0077 kcal/(mol*A)
xmin   330     -224.9261 kcal/mol        0.0861 kcal/(mol*A)
xmin   340     -224.9305 kcal/mol        0.1021 kcal/(mol*A)
xmin   350     -224.9573 kcal/mol        0.0619 kcal/(mol*A)
xmin   360     -225.0654 kcal/mol        0.1146 kcal/(mol*A)
xmin   370     -225.1607 kcal/mol        0.2695 kcal/(mol*A)
xmin   380     -225.1985 kcal/mol        0.0321 kcal/(mol*A)
xmin   390     -225.2256 kcal/mol        0.0411 kcal/(mol*A)
xmin   400     -225.2713 kcal/mol        0.0479 kcal/(mol*A)
xmin   410     -225.3115 kcal/mol        0.0584 kcal/(mol*A)
xmin   420     -225.3535 kcal/mol        0.0852 kcal/(mol*A)
xmin   430     -225.3679 kcal/mol        0.0406 kcal/(mol*A)
xmin   440     -225.3757 kcal/mol        0.0452 kcal/(mol*A)
xmin   450     -225.3794 kcal/mol        0.0686 kcal/(mol*A)
xmin   460     -225.3833 kcal/mol        0.0204 kcal/(mol*A)
xmin   470     -225.3879 kcal/mol        0.0131 kcal/(mol*A)
xmin   480     -225.3899 kcal/mol        0.0134 kcal/(mol*A)
xmin   490     -225.3908 kcal/mol        0.0072 kcal/(mol*A)
xmin   500     -225.3917 kcal/mol        0.0058 kcal/(mol*A)
xmin   510     -225.3920 kcal/mol        0.0094 kcal/(mol*A)
xmin   520     -225.3926 kcal/mol        0.0064 kcal/(mol*A)
xmin   530     -225.3929 kcal/mol        0.0041 kcal/(mol*A)
xmin   540     -225.3931 kcal/mol        0.0025 kcal/(mol*A)
xmin   550     -225.3933 kcal/mol        0.0052 kcal/(mol*A)
xmin   560     -225.3934 kcal/mol        0.0036 kcal/(mol*A)
xmin   570     -225.3935 kcal/mol        0.0013 kcal/(mol*A)
xmin   580     -225.3935 kcal/mol        0.0033 kcal/(mol*A)
xmin   590     -225.3936 kcal/mol        0.0020 kcal/(mol*A)
xmin   600     -225.3936 kcal/mol        0.0005 kcal/(mol*A)
xmin   610     -225.3936 kcal/mol        0.0017 kcal/(mol*A)
xmin   620     -225.3936 kcal/mol        0.0015 kcal/(mol*A)
xmin   630     -225.3936 kcal/mol        0.0011 kcal/(mol*A)
xmin   640     -225.3937 kcal/mol        0.0017 kcal/(mol*A)
xmin   650     -225.3937 kcal/mol        0.0039 kcal/(mol*A)
xmin   660     -225.3937 kcal/mol        0.0017 kcal/(mol*A)
xmin   670     -225.3937 kcal/mol        0.0043 kcal/(mol*A)
xmin   680     -225.3937 kcal/mol        0.0014 kcal/(mol*A)
  ... geometry converged !
 
 Final MO eigenvalues (eV):
 -42.8494  -41.3275  -41.0853  -40.7588  -40.4369  -39.7820  -39.3886  -38.9452
 -37.9793  -37.2263  -37.0210  -36.9251  -36.7294  -35.9165  -35.2085  -34.4406
 -34.2966  -34.2183  -33.9843  -33.6701  -32.6559  -31.5945  -31.5641  -30.9953
 -29.9074  -28.6238  -28.4458  -28.1502  -28.0128  -27.7369  -27.3958  -26.2041
 -25.4853  -25.0788  -24.2230  -23.5921  -23.4041  -22.7209  -22.6837  -22.4324
 -21.9039  -21.5758  -21.5229  -21.3176  -21.1271  -20.9395  -20.9056  -20.6200
 -19.2620  -18.7174  -18.3780  -18.3215  -18.1509  -17.9723  -17.8590  -17.7137
 -17.5882  -17.3879  -17.3057  -17.2179  -16.9611  -16.7847  -16.6750  -16.6035
 -16.2900  -16.0864  -16.0333  -15.8124  -15.7884  -15.7521  -15.7059  -15.6464
 -15.5163  -15.3488  -15.1154  -15.0502  -14.9143  -14.8530  -14.8161  -14.7758
 -14.6087  -14.5488  -14.4906  -14.4222  -14.3608  -14.3251  -14.2301  -14.0657
 -13.8242  -13.7893  -13.7530  -13.7453  -13.6893  -13.6419  -13.5470  -13.4196
 -13.4047  -13.3717  -13.2071  -13.1034  -13.0660  -12.8794  -12.7232  -12.6457
 -12.6177  -12.6063  -12.5692  -12.4241  -12.2560  -12.1476  -12.0789  -11.9425
 -11.9222  -11.8689  -11.7912  -11.6308  -11.5885  -11.5127  -11.4471  -11.3949
 -11.3865  -11.3696  -11.2809  -10.9986  -10.7020  -10.3996  -10.2906  -10.2718
 -10.1815  -10.0531   -9.9790   -9.7987   -9.7301   -0.3789   -0.1607    0.1953
   0.4102    0.4302    0.8816    1.0296    1.1220    1.2856    1.4569    1.5830
   1.7034    1.7747    1.8786    1.9069    1.9621    2.0752    2.1750    2.6827
   2.7849    2.9967    3.0434    3.1108    3.1251    3.1699    3.2463    3.2500
   3.3345    3.3635    3.3770    3.4546    3.4895    3.5242    3.5816    3.5911
   3.6129    3.6234    3.6538    3.6784    3.7413    3.7662    3.8155    3.8307
   3.8556    3.8782    3.9273    3.9532    3.9723    4.0010    4.0185    4.0391
   4.0599    4.0683    4.0885    4.1213    4.1543    4.1766    4.1851    4.2497
   4.2865    4.3061    4.3406    4.3492    4.3883    4.4123    4.4229    4.4349
   4.4461    4.4863    4.5106    4.5279    4.5767    4.6442    4.6652    4.6758
   4.6801    4.7355    4.7367    4.7558    4.8362    4.8428    4.8500    4.8948
   4.9231    4.9317    4.9365    4.9707    5.0119    5.0180    5.0292    5.0576
   5.0809    5.1550    5.3651    5.4112    5.5194    5.5966    5.7077    5.8476
   5.8795    5.9298    5.9446    5.9604    6.0344    6.2457    6.6661    6.6998
   6.7147    6.7509    6.7920    7.1584

 Heat of formation   =       -225.39372635 kcal/mol  (       -9.77380540 eV)

 Total SCF energy    =    -206314.50977649 kcal/mol  (    -8946.46848690 eV)
 Electronic energy   =   -2126747.57748742 kcal/mol  (   -92222.69535091 eV)
 Core-core repulsion =    1920433.06771093 kcal/mol  (    83276.22686401 eV)
 
    Atomic Charges for Step       1 :
  Atom    Element       Mulliken Charge
     1      C                 -0.183
     2      C                 -0.030
     3      C                 -0.164
     4      O                 -0.053
     5      N                  0.008
     6      C                 -0.154
     7      C                  0.382
     8      O                 -0.360
     9      H                  0.106
    10      H                  0.107
    11      H                  0.111
    12      H                  0.196
    13      N                 -0.349
    14      C                  0.011
    15      C                  0.281
    16      O                 -0.370
    17      C                 -0.226
    18      H                  0.255
    19      H                  0.142
    20      H                  0.092
    21      H                  0.098
    22      H                  0.094
    23      N                 -0.360
    24      C                  0.017
    25      C                  0.275
    26      O                 -0.375
    27      C                 -0.113
    28      C                 -0.226
    29      C                 -0.207
    30      H                  0.240
    31      H                  0.143
    32      H                  0.103
    33      H                  0.084
    34      H                  0.096
    35      H                  0.078
    36      H                  0.077
    37      H                  0.082
    38      H                  0.082
    39      N                 -0.338
    40      C                  0.002
    41      C                  0.278
    42      O                 -0.378
    43      C                 -0.157
    44      C                 -0.108
    45      C                 -0.210
    46      C                 -0.213
    47      H                  0.234
    48      H                  0.141
    49      H                  0.099
    50      H                  0.091
    51      H                  0.105
    52      H                  0.079
    53      H                  0.076
    54      H                  0.072
    55      H                  0.080
    56      H                  0.070
    57      H                  0.076
    58      C                  0.038
    59      C                 -0.094
    60      C                 -0.179
    61      C                  0.343
    62      C                 -0.158
    63      C                 -0.126
    64      C                 -0.179
    65      C                 -0.023
    66      N                 -0.396
    67      C                  0.305
    68      O                 -0.359
    69      N                 -0.376
    70      O                 -0.351
    71      H                  0.130
    72      H                  0.105
    73      H                  0.111
    74      H                  0.158
    75      H                  0.133
    76      H                  0.247
    77      H                  0.079
    78      H                  0.080
    79      H                  0.112
    80      H                  0.100
    81      H                  0.153
    82      H                  0.229
    83      C                  0.024
    84      O                 -0.280
    85      C                 -0.111
    86      C                 -0.137
    87      C                 -0.118
    88      C                 -0.134
    89      C                 -0.104
    90      C                 -0.117
    91      H                  0.118
    92      H                  0.155
    93      H                  0.135
    94      H                  0.132
    95      H                  0.131
    96      H                  0.127
    97      H                  0.106
 Total Mulliken Charge =       0.000
 
                  X        Y        Z     TOTAL  
  QM DIPOLE     1.237   -1.133   -0.436    1.733
 
 Final Structure

  QMMM: QM Region Cartesian Coordinates (*=link atom) 
  QMMM: QM_NO.   MM_NO.  ATOM         X         Y         Z
  QMMM:     1        1      C      -10.5342    2.7574   72.9844
  QMMM:     2        2      C      -10.4211    2.2976   74.2807
  QMMM:     3        3      C       -9.8359    1.1316   74.9366
  QMMM:     4        4      O      -11.0550    3.2518   75.1272
  QMMM:     5        5      N      -11.5330    4.2426   74.4170
  QMMM:     6        6      C      -11.2598    4.0201   73.1124
  QMMM:     7        7      C      -11.6128    4.8722   71.9486
  QMMM:     8        8      O      -11.3474    4.4898   70.7910
  QMMM:     9        9      H      -10.2655    0.1938   74.5016
  QMMM:    10       10      H       -8.7270    1.1230   74.7806
  QMMM:    11       11      H      -10.0436    1.1478   76.0361
  QMMM:    12       12      H      -10.1888    2.3264   72.0493
  QMMM:    13       13      N      -12.2752    6.0575   72.1964
  QMMM:    14       14      C      -12.5583    6.9966   71.1389
  QMMM:    15       15      C      -11.7258    8.2956   71.3068
  QMMM:    16       16      O      -11.4355    8.7422   72.4338
  QMMM:    17       17      C      -14.0275    7.4227   71.0994
  QMMM:    18       18      H      -12.3364    6.4132   73.1247
  QMMM:    19       19      H      -12.2988    6.4976   70.1545
  QMMM:    20       20      H      -14.1802    8.1205   70.2413
  QMMM:    21       21      H      -14.6856    6.5319   70.9603
  QMMM:    22       22      H      -14.3198    7.9417   72.0436
  QMMM:    23       23      N      -11.3228    8.9228   70.1468
  QMMM:    24       24      C      -10.6661   10.2048   70.1500
  QMMM:    25       25      C      -11.6377   11.2921   69.6151
  QMMM:    26       26      O      -12.3220   11.0923   68.5918
  QMMM:    27       27      C       -9.3989   10.2520   69.2614
  QMMM:    28       28      C       -8.6894   11.5768   69.4554
  QMMM:    29       29      C       -8.4595    9.1109   69.5902
  QMMM:    30       30      H      -11.6653    8.6044   69.2696
  QMMM:    31       31      H      -10.3611   10.4331   71.2168
  QMMM:    32       32      H       -9.7195   10.1634   68.1850
  QMMM:    33       33      H       -7.7410   11.5862   68.8649
  QMMM:    34       34      H       -9.3189   12.4340   69.1109
  QMMM:    35       35      H       -8.4324   11.7338   70.5310
  QMMM:    36       36      H       -7.4922    9.2475   69.0478
  QMMM:    37       37      H       -8.2490    9.0785   70.6864
  QMMM:    38       38      H       -8.8940    8.1301   69.2821
  QMMM:    39       39      N      -11.7567   12.4542   70.3582
  QMMM:    40       40      C      -12.4897   13.5899   69.8545
  QMMM:    41       41      C      -11.5690   14.5548   69.0556
  QMMM:    42       42      O      -10.3470   14.6329   69.2943
  QMMM:    43       43      C      -13.1431   14.4225   70.9693
  QMMM:    44       44      C      -14.2637   13.6869   71.6884
  QMMM:    45       45      C      -14.6002   14.4123   72.9771
  QMMM:    46       46      C      -15.4998   13.5710   70.8207
  QMMM:    47       47      H      -11.0311   12.6661   71.0079
  QMMM:    48       48      H      -13.2957   13.1899   69.1658
  QMMM:    49       49      H      -12.3606   14.7301   71.7130
  QMMM:    50       50      H      -13.5553   15.3588   70.5089
  QMMM:    51       51      H      -13.9139   12.6488   71.9509
  QMMM:    52       52      H      -15.4286   13.8858   73.5094
  QMMM:    53       53      H      -13.7110   14.4456   73.6514
  QMMM:    54       54      H      -14.9247   15.4595   72.7655
  QMMM:    55       55      H      -16.3145   13.0536   71.3832
  QMMM:    56       56      H      -15.8680   14.5817   70.5204
  QMMM:    57       57      H      -15.2840   12.9814   69.8976
  QMMM:    58       58      C      -11.4410   16.2626   67.2636
  QMMM:    59       59      C      -11.7252   17.6917   67.6565
  QMMM:    60       60      C      -10.8235   18.6640   67.8043
  QMMM:    61       61      C       -9.3652   18.5763   67.6673
  QMMM:    62       62      C      -11.7748   16.1355   65.7637
  QMMM:    63       63      C      -11.3090   14.8236   65.1733
  QMMM:    64       64      C       -9.7862   14.7242   65.0151
  QMMM:    65       65      C       -9.5307   14.4518   63.5153
  QMMM:    66       66      N      -10.8189   14.4586   62.8657
  QMMM:    67       67      C      -11.8639   14.6648   63.7496
  QMMM:    68       68      O      -13.0601   14.7074   63.4234
  QMMM:    69       69      N      -12.1714   15.3227   68.0849
  QMMM:    70       70      O       -8.5319   19.2745   68.2519
  QMMM:    71       71      H      -11.6961   13.9623   65.7807
  QMMM:    72       72      H      -12.8806   16.2380   65.5984
  QMMM:    73       73      H      -11.2676   16.9879   65.2373
  QMMM:    74       74      H      -11.1435   19.6845   68.0889
  QMMM:    75       75      H      -12.7931   17.9265   67.8210
  QMMM:    76       76      H      -10.9291   14.2916   61.9009
  QMMM:    77       77      H       -8.8687   15.2475   63.0742
  QMMM:    78       78      H       -9.0245   13.4579   63.3709
  QMMM:    79       79      H       -9.2843   15.6746   65.3289
  QMMM:    80       80      H       -9.3763   13.8926   65.6366
  QMMM:    81       81      H      -10.3334   16.0466   67.4003
  QMMM:    82       82      H      -13.1376   15.2049   67.8957
  QMMM:    83       83      C       -7.4981   17.5182   66.5766
  QMMM:    84       84      O       -8.9159   17.6376   66.7766
  QMMM:    85       85      C       -6.9781   17.8697   64.1484
  QMMM:    86       86      C       -6.5173   18.6688   63.1030
  QMMM:    87       87      C       -6.1199   19.9828   63.3508
  QMMM:    88       88      C       -6.1869   20.4988   64.6452
  QMMM:    89       89      C       -6.6460   19.7019   65.6927
  QMMM:    90       90      C       -7.0386   18.3810   65.4486
  QMMM:    91       91      H       -6.9502   17.7699   67.5237
  QMMM:    92       92      H       -6.7136   20.1049   66.7170
  QMMM:    93       93      H       -5.8782   21.5362   64.8413
  QMMM:    94       94      H       -5.7558   20.6120   62.5254
  QMMM:    95       95      H       -6.4688   18.2627   62.0822
  QMMM:    96       96      H       -7.2993   16.8355   63.9516
  QMMM:    97       97      H       -7.3713   16.4269   66.3342

           --------- Calculation Completed ----------

